<?xml version="1.0" encoding="UTF-8"?>
<testng-results skipped="0" failed="0" ignored="0" total="1" passed="1">
  <reporter-output>
  </reporter-output>
  <suite name="Default suite" duration-ms="47313" started-at="2019-09-19T21:25:11 IST" finished-at="2019-09-19T21:25:58 IST">
    <groups>
    </groups>
    <test name="Default test" duration-ms="47313" started-at="2019-09-19T21:25:11 IST" finished-at="2019-09-19T21:25:58 IST">
      <class name="com.training.sanity.tests.RETC_54_ReplyRecentComments">
        <test-method status="PASS" signature="setUpBeforeClass()[pri:0, instance:com.training.sanity.tests.RETC_54_ReplyRecentComments@1dfe2924]" name="setUpBeforeClass" is-config="true" duration-ms="13" started-at="2019-09-19T21:25:11 IST" finished-at="2019-09-19T21:25:11 IST">
          <reporter-output>
          </reporter-output>
        </test-method> <!-- setUpBeforeClass -->
        <test-method status="PASS" signature="setUp()[pri:0, instance:com.training.sanity.tests.RETC_54_ReplyRecentComments@1dfe2924]" name="setUp" is-config="true" duration-ms="26757" started-at="2019-09-19T21:25:11 IST" finished-at="2019-09-19T21:25:38 IST">
          <reporter-output>
          </reporter-output>
        </test-method> <!-- setUp -->
        <test-method status="PASS" signature="validLoginTest()[pri:0, instance:com.training.sanity.tests.RETC_54_ReplyRecentComments@1dfe2924]" name="validLoginTest" duration-ms="18574" started-at="2019-09-19T21:25:38 IST" finished-at="2019-09-19T21:25:56 IST">
          <reporter-output>
          </reporter-output>
        </test-method> <!-- validLoginTest -->
        <test-method status="PASS" signature="tearDown()[pri:0, instance:com.training.sanity.tests.RETC_54_ReplyRecentComments@1dfe2924]" name="tearDown" is-config="true" duration-ms="1921" started-at="2019-09-19T21:25:56 IST" finished-at="2019-09-19T21:25:58 IST">
          <reporter-output>
          </reporter-output>
        </test-method> <!-- tearDown -->
      </class> <!-- com.training.sanity.tests.RETC_54_ReplyRecentComments -->
    </test> <!-- Default test -->
  </suite> <!-- Default suite -->
</testng-results>
